<mxfile host="app.diagrams.net" modified="2022-05-21T03:55:36.381Z" agent="5.0 (X11; Linux x86_64) AppleWebKit/537.36 (KHTML, like Gecko) Chrome/92.0.4515.107 Safari/537.36" etag="GN9oFrAVh8DLJ56UNvV5" version="18.0.7" type="github">
  <diagram id="K29kqj9eIUB7VmNqV1A4" name="Page-1">
    <mxGraphModel dx="924" dy="493" grid="1" gridSize="10" guides="1" tooltips="1" connect="1" arrows="1" fold="1" page="1" pageScale="1" pageWidth="827" pageHeight="1169" math="0" shadow="0">
      <root>
        <mxCell id="0" />
        <mxCell id="1" parent="0" />
        <mxCell id="la9blibguUXZ9wRY9QYC-3" value="" style="edgeStyle=orthogonalEdgeStyle;rounded=0;orthogonalLoop=1;jettySize=auto;html=1;" edge="1" parent="1" source="la9blibguUXZ9wRY9QYC-1" target="la9blibguUXZ9wRY9QYC-2">
          <mxGeometry relative="1" as="geometry" />
        </mxCell>
        <mxCell id="la9blibguUXZ9wRY9QYC-1" value="EventLoop::StartAllEventLoops" style="text;html=1;align=center;verticalAlign=middle;resizable=0;points=[];autosize=1;strokeColor=none;fillColor=none;" vertex="1" parent="1">
          <mxGeometry x="80" y="110" width="180" height="20" as="geometry" />
        </mxCell>
        <mxCell id="la9blibguUXZ9wRY9QYC-5" style="edgeStyle=orthogonalEdgeStyle;rounded=0;orthogonalLoop=1;jettySize=auto;html=1;" edge="1" parent="1" source="la9blibguUXZ9wRY9QYC-2">
          <mxGeometry relative="1" as="geometry">
            <mxPoint x="280" y="280" as="targetPoint" />
          </mxGeometry>
        </mxCell>
        <mxCell id="la9blibguUXZ9wRY9QYC-2" value="EventLoop::Run" style="text;html=1;align=center;verticalAlign=middle;resizable=0;points=[];autosize=1;strokeColor=none;fillColor=none;" vertex="1" parent="1">
          <mxGeometry x="120" y="210" width="100" height="20" as="geometry" />
        </mxCell>
        <mxCell id="la9blibguUXZ9wRY9QYC-4" value="new Fiber" style="text;html=1;align=center;verticalAlign=middle;resizable=0;points=[];autosize=1;strokeColor=none;fillColor=none;" vertex="1" parent="1">
          <mxGeometry x="100" y="150" width="70" height="20" as="geometry" />
        </mxCell>
        <mxCell id="la9blibguUXZ9wRY9QYC-8" value="" style="edgeStyle=orthogonalEdgeStyle;rounded=0;orthogonalLoop=1;jettySize=auto;html=1;" edge="1" parent="1" source="la9blibguUXZ9wRY9QYC-6" target="la9blibguUXZ9wRY9QYC-7">
          <mxGeometry relative="1" as="geometry">
            <Array as="points">
              <mxPoint x="280" y="1800" />
              <mxPoint x="280" y="1800" />
            </Array>
          </mxGeometry>
        </mxCell>
        <mxCell id="la9blibguUXZ9wRY9QYC-11" style="edgeStyle=orthogonalEdgeStyle;rounded=0;orthogonalLoop=1;jettySize=auto;html=1;" edge="1" parent="1" source="la9blibguUXZ9wRY9QYC-6">
          <mxGeometry relative="1" as="geometry">
            <mxPoint x="480" y="370" as="targetPoint" />
          </mxGeometry>
        </mxCell>
        <mxCell id="la9blibguUXZ9wRY9QYC-6" value="EventLoop::WaitAndRunEvents" style="text;html=1;align=center;verticalAlign=middle;resizable=0;points=[];autosize=1;strokeColor=none;fillColor=none;" vertex="1" parent="1">
          <mxGeometry x="190" y="280" width="180" height="20" as="geometry" />
        </mxCell>
        <mxCell id="la9blibguUXZ9wRY9QYC-10" value="" style="edgeStyle=orthogonalEdgeStyle;rounded=0;orthogonalLoop=1;jettySize=auto;html=1;" edge="1" parent="1" source="la9blibguUXZ9wRY9QYC-7" target="la9blibguUXZ9wRY9QYC-9">
          <mxGeometry relative="1" as="geometry">
            <Array as="points">
              <mxPoint x="280" y="2150" />
              <mxPoint x="280" y="2150" />
            </Array>
          </mxGeometry>
        </mxCell>
        <mxCell id="la9blibguUXZ9wRY9QYC-59" style="edgeStyle=orthogonalEdgeStyle;rounded=0;orthogonalLoop=1;jettySize=auto;html=1;" edge="1" parent="1" source="la9blibguUXZ9wRY9QYC-7">
          <mxGeometry relative="1" as="geometry">
            <mxPoint x="440" y="2160" as="targetPoint" />
          </mxGeometry>
        </mxCell>
        <mxCell id="la9blibguUXZ9wRY9QYC-7" value="EventLoop::RunUserTasks" style="text;html=1;align=center;verticalAlign=middle;resizable=0;points=[];autosize=1;strokeColor=none;fillColor=none;" vertex="1" parent="1">
          <mxGeometry x="210" y="2090" width="160" height="20" as="geometry" />
        </mxCell>
        <mxCell id="la9blibguUXZ9wRY9QYC-9" value="this_fiber::Yield" style="text;html=1;align=center;verticalAlign=middle;resizable=0;points=[];autosize=1;strokeColor=none;fillColor=none;" vertex="1" parent="1">
          <mxGeometry x="230" y="2190" width="100" height="20" as="geometry" />
        </mxCell>
        <mxCell id="la9blibguUXZ9wRY9QYC-14" value="" style="edgeStyle=orthogonalEdgeStyle;rounded=0;orthogonalLoop=1;jettySize=auto;html=1;" edge="1" parent="1" source="la9blibguUXZ9wRY9QYC-12" target="la9blibguUXZ9wRY9QYC-13">
          <mxGeometry relative="1" as="geometry" />
        </mxCell>
        <mxCell id="la9blibguUXZ9wRY9QYC-12" value="io::detail::EIntrSafeEpollWait" style="text;html=1;align=center;verticalAlign=middle;resizable=0;points=[];autosize=1;strokeColor=none;fillColor=none;" vertex="1" parent="1">
          <mxGeometry x="395" y="370" width="170" height="20" as="geometry" />
        </mxCell>
        <mxCell id="la9blibguUXZ9wRY9QYC-15" style="edgeStyle=orthogonalEdgeStyle;rounded=0;orthogonalLoop=1;jettySize=auto;html=1;" edge="1" parent="1" source="la9blibguUXZ9wRY9QYC-13">
          <mxGeometry relative="1" as="geometry">
            <mxPoint x="640" y="560" as="targetPoint" />
          </mxGeometry>
        </mxCell>
        <mxCell id="la9blibguUXZ9wRY9QYC-13" value="EventLoop::RunEventHandlers" style="text;html=1;align=center;verticalAlign=middle;resizable=0;points=[];autosize=1;strokeColor=none;fillColor=none;" vertex="1" parent="1">
          <mxGeometry x="390" y="470" width="180" height="20" as="geometry" />
        </mxCell>
        <mxCell id="la9blibguUXZ9wRY9QYC-17" style="edgeStyle=orthogonalEdgeStyle;rounded=0;orthogonalLoop=1;jettySize=auto;html=1;" edge="1" parent="1" source="la9blibguUXZ9wRY9QYC-16">
          <mxGeometry relative="1" as="geometry">
            <mxPoint x="760" y="640" as="targetPoint" />
          </mxGeometry>
        </mxCell>
        <mxCell id="la9blibguUXZ9wRY9QYC-16" value="Descriptor::FireEvents" style="text;html=1;align=center;verticalAlign=middle;resizable=0;points=[];autosize=1;strokeColor=none;fillColor=none;" vertex="1" parent="1">
          <mxGeometry x="575" y="560" width="130" height="20" as="geometry" />
        </mxCell>
        <mxCell id="la9blibguUXZ9wRY9QYC-20" value="" style="edgeStyle=orthogonalEdgeStyle;rounded=0;orthogonalLoop=1;jettySize=auto;html=1;" edge="1" parent="1" source="la9blibguUXZ9wRY9QYC-18" target="la9blibguUXZ9wRY9QYC-19">
          <mxGeometry relative="1" as="geometry" />
        </mxCell>
        <mxCell id="la9blibguUXZ9wRY9QYC-23" style="edgeStyle=orthogonalEdgeStyle;rounded=0;orthogonalLoop=1;jettySize=auto;html=1;" edge="1" parent="1" source="la9blibguUXZ9wRY9QYC-18">
          <mxGeometry relative="1" as="geometry">
            <mxPoint x="880" y="720" as="targetPoint" />
          </mxGeometry>
        </mxCell>
        <mxCell id="la9blibguUXZ9wRY9QYC-18" value="Descriptor::FireErrorEvent" style="text;html=1;align=center;verticalAlign=middle;resizable=0;points=[];autosize=1;strokeColor=none;fillColor=none;" vertex="1" parent="1">
          <mxGeometry x="685" y="640" width="150" height="20" as="geometry" />
        </mxCell>
        <mxCell id="la9blibguUXZ9wRY9QYC-34" style="edgeStyle=orthogonalEdgeStyle;rounded=0;orthogonalLoop=1;jettySize=auto;html=1;" edge="1" parent="1" source="la9blibguUXZ9wRY9QYC-19">
          <mxGeometry relative="1" as="geometry">
            <mxPoint x="920" y="1160.0000000000002" as="targetPoint" />
          </mxGeometry>
        </mxCell>
        <mxCell id="la9blibguUXZ9wRY9QYC-46" style="edgeStyle=orthogonalEdgeStyle;rounded=0;orthogonalLoop=1;jettySize=auto;html=1;" edge="1" parent="1" source="la9blibguUXZ9wRY9QYC-19">
          <mxGeometry relative="1" as="geometry">
            <mxPoint x="760" y="1520" as="targetPoint" />
          </mxGeometry>
        </mxCell>
        <mxCell id="la9blibguUXZ9wRY9QYC-19" value="Descriptor::FireReadEvent" style="text;html=1;align=center;verticalAlign=middle;resizable=0;points=[];autosize=1;strokeColor=none;fillColor=none;" vertex="1" parent="1">
          <mxGeometry x="680" y="1070" width="160" height="20" as="geometry" />
        </mxCell>
        <mxCell id="la9blibguUXZ9wRY9QYC-57" style="edgeStyle=orthogonalEdgeStyle;rounded=0;orthogonalLoop=1;jettySize=auto;html=1;" edge="1" parent="1" source="la9blibguUXZ9wRY9QYC-22" target="la9blibguUXZ9wRY9QYC-49">
          <mxGeometry relative="1" as="geometry" />
        </mxCell>
        <mxCell id="la9blibguUXZ9wRY9QYC-22" value="Descriptor::FireWriteEvent" style="text;html=1;align=center;verticalAlign=middle;resizable=0;points=[];autosize=1;strokeColor=none;fillColor=none;" vertex="1" parent="1">
          <mxGeometry x="680" y="1520" width="160" height="20" as="geometry" />
        </mxCell>
        <mxCell id="la9blibguUXZ9wRY9QYC-28" value="" style="edgeStyle=orthogonalEdgeStyle;rounded=0;orthogonalLoop=1;jettySize=auto;html=1;" edge="1" parent="1" source="la9blibguUXZ9wRY9QYC-24" target="la9blibguUXZ9wRY9QYC-27">
          <mxGeometry relative="1" as="geometry" />
        </mxCell>
        <mxCell id="la9blibguUXZ9wRY9QYC-24" value="Descriptor::OnError" style="text;html=1;align=center;verticalAlign=middle;resizable=0;points=[];autosize=1;strokeColor=none;fillColor=none;" vertex="1" parent="1">
          <mxGeometry x="820" y="720" width="120" height="20" as="geometry" />
        </mxCell>
        <mxCell id="la9blibguUXZ9wRY9QYC-26" value="new Fiber" style="text;html=1;align=center;verticalAlign=middle;resizable=0;points=[];autosize=1;strokeColor=none;fillColor=none;" vertex="1" parent="1">
          <mxGeometry x="810" y="670" width="70" height="20" as="geometry" />
        </mxCell>
        <mxCell id="la9blibguUXZ9wRY9QYC-29" style="edgeStyle=orthogonalEdgeStyle;rounded=0;orthogonalLoop=1;jettySize=auto;html=1;" edge="1" parent="1" source="la9blibguUXZ9wRY9QYC-27">
          <mxGeometry relative="1" as="geometry">
            <mxPoint x="1040" y="880" as="targetPoint" />
          </mxGeometry>
        </mxCell>
        <mxCell id="la9blibguUXZ9wRY9QYC-27" value="Descriptor::QueueCleanupCallbackCheck" style="text;html=1;align=center;verticalAlign=middle;resizable=0;points=[];autosize=1;strokeColor=none;fillColor=none;" vertex="1" parent="1">
          <mxGeometry x="760" y="820" width="240" height="20" as="geometry" />
        </mxCell>
        <mxCell id="la9blibguUXZ9wRY9QYC-30" value="Descriptor::OnCleanup" style="text;html=1;align=center;verticalAlign=middle;resizable=0;points=[];autosize=1;strokeColor=none;fillColor=none;" vertex="1" parent="1">
          <mxGeometry x="960" y="960" width="140" height="20" as="geometry" />
        </mxCell>
        <mxCell id="la9blibguUXZ9wRY9QYC-32" style="edgeStyle=orthogonalEdgeStyle;rounded=0;orthogonalLoop=1;jettySize=auto;html=1;entryX=0.572;entryY=0.053;entryDx=0;entryDy=0;entryPerimeter=0;" edge="1" parent="1" source="la9blibguUXZ9wRY9QYC-31" target="la9blibguUXZ9wRY9QYC-30">
          <mxGeometry relative="1" as="geometry" />
        </mxCell>
        <mxCell id="la9blibguUXZ9wRY9QYC-31" value="Descriptor::CheckInvariables" style="text;html=1;align=center;verticalAlign=middle;resizable=0;points=[];autosize=1;strokeColor=none;fillColor=none;" vertex="1" parent="1">
          <mxGeometry x="955" y="880" width="170" height="20" as="geometry" />
        </mxCell>
        <mxCell id="la9blibguUXZ9wRY9QYC-33" value="EventLoop::AddTask" style="text;html=1;align=center;verticalAlign=middle;resizable=0;points=[];autosize=1;strokeColor=none;fillColor=none;" vertex="1" parent="1">
          <mxGeometry x="910" y="850" width="130" height="20" as="geometry" />
        </mxCell>
        <mxCell id="la9blibguUXZ9wRY9QYC-35" value="new Fiber" style="text;html=1;align=center;verticalAlign=middle;resizable=0;points=[];autosize=1;strokeColor=none;fillColor=none;" vertex="1" parent="1">
          <mxGeometry x="845" y="1110" width="70" height="20" as="geometry" />
        </mxCell>
        <mxCell id="la9blibguUXZ9wRY9QYC-37" style="edgeStyle=orthogonalEdgeStyle;rounded=0;orthogonalLoop=1;jettySize=auto;html=1;" edge="1" parent="1" source="la9blibguUXZ9wRY9QYC-36">
          <mxGeometry relative="1" as="geometry">
            <mxPoint x="920" y="1240" as="targetPoint" />
          </mxGeometry>
        </mxCell>
        <mxCell id="la9blibguUXZ9wRY9QYC-36" value="Descriptor::OnReadable" style="text;html=1;align=center;verticalAlign=middle;resizable=0;points=[];autosize=1;strokeColor=none;fillColor=none;" vertex="1" parent="1">
          <mxGeometry x="850" y="1160" width="140" height="20" as="geometry" />
        </mxCell>
        <mxCell id="la9blibguUXZ9wRY9QYC-39" style="edgeStyle=orthogonalEdgeStyle;rounded=0;orthogonalLoop=1;jettySize=auto;html=1;" edge="1" parent="1" source="la9blibguUXZ9wRY9QYC-38">
          <mxGeometry relative="1" as="geometry">
            <mxPoint x="920" y="1320.0000000000002" as="targetPoint" />
          </mxGeometry>
        </mxCell>
        <mxCell id="la9blibguUXZ9wRY9QYC-38" value="Case Ready:&lt;br&gt;" style="text;html=1;align=center;verticalAlign=middle;resizable=0;points=[];autosize=1;strokeColor=none;fillColor=none;" vertex="1" parent="1">
          <mxGeometry x="880" y="1240" width="80" height="20" as="geometry" />
        </mxCell>
        <mxCell id="la9blibguUXZ9wRY9QYC-41" style="edgeStyle=orthogonalEdgeStyle;rounded=0;orthogonalLoop=1;jettySize=auto;html=1;" edge="1" parent="1" source="la9blibguUXZ9wRY9QYC-40">
          <mxGeometry relative="1" as="geometry">
            <mxPoint x="920" y="1400.0000000000002" as="targetPoint" />
          </mxGeometry>
        </mxCell>
        <mxCell id="la9blibguUXZ9wRY9QYC-40" value="Case Leaving:&lt;br&gt;" style="text;html=1;align=center;verticalAlign=middle;resizable=0;points=[];autosize=1;strokeColor=none;fillColor=none;" vertex="1" parent="1">
          <mxGeometry x="875" y="1320" width="90" height="20" as="geometry" />
        </mxCell>
        <mxCell id="la9blibguUXZ9wRY9QYC-43" style="edgeStyle=orthogonalEdgeStyle;rounded=0;orthogonalLoop=1;jettySize=auto;html=1;" edge="1" parent="1" source="la9blibguUXZ9wRY9QYC-42">
          <mxGeometry relative="1" as="geometry">
            <mxPoint x="1040" y="1480.6268521012933" as="targetPoint" />
          </mxGeometry>
        </mxCell>
        <mxCell id="la9blibguUXZ9wRY9QYC-42" value="Case Suppress:" style="text;html=1;align=center;verticalAlign=middle;resizable=0;points=[];autosize=1;strokeColor=none;fillColor=none;" vertex="1" parent="1">
          <mxGeometry x="870" y="1400" width="100" height="20" as="geometry" />
        </mxCell>
        <mxCell id="la9blibguUXZ9wRY9QYC-45" value="SuppressReadAndClearReadEventCount" style="text;html=1;align=center;verticalAlign=middle;resizable=0;points=[];autosize=1;strokeColor=none;fillColor=none;" vertex="1" parent="1">
          <mxGeometry x="920" y="1480" width="240" height="20" as="geometry" />
        </mxCell>
        <mxCell id="la9blibguUXZ9wRY9QYC-47" value="new Fiber" style="text;html=1;align=center;verticalAlign=middle;resizable=0;points=[];autosize=1;strokeColor=none;fillColor=none;" vertex="1" parent="1">
          <mxGeometry x="845" y="1550" width="70" height="20" as="geometry" />
        </mxCell>
        <mxCell id="la9blibguUXZ9wRY9QYC-48" style="edgeStyle=orthogonalEdgeStyle;rounded=0;orthogonalLoop=1;jettySize=auto;html=1;" edge="1" source="la9blibguUXZ9wRY9QYC-49" parent="1">
          <mxGeometry relative="1" as="geometry">
            <mxPoint x="920" y="1680.0000000000002" as="targetPoint" />
          </mxGeometry>
        </mxCell>
        <mxCell id="la9blibguUXZ9wRY9QYC-49" value="Descriptor::OnWritable" style="text;html=1;align=center;verticalAlign=middle;resizable=0;points=[];autosize=1;strokeColor=none;fillColor=none;" vertex="1" parent="1">
          <mxGeometry x="850" y="1600" width="140" height="20" as="geometry" />
        </mxCell>
        <mxCell id="la9blibguUXZ9wRY9QYC-50" style="edgeStyle=orthogonalEdgeStyle;rounded=0;orthogonalLoop=1;jettySize=auto;html=1;" edge="1" source="la9blibguUXZ9wRY9QYC-51" parent="1">
          <mxGeometry relative="1" as="geometry">
            <mxPoint x="920" y="1760.0000000000002" as="targetPoint" />
          </mxGeometry>
        </mxCell>
        <mxCell id="la9blibguUXZ9wRY9QYC-51" value="Case Ready:&lt;br&gt;" style="text;html=1;align=center;verticalAlign=middle;resizable=0;points=[];autosize=1;strokeColor=none;fillColor=none;" vertex="1" parent="1">
          <mxGeometry x="880" y="1680" width="80" height="20" as="geometry" />
        </mxCell>
        <mxCell id="la9blibguUXZ9wRY9QYC-52" style="edgeStyle=orthogonalEdgeStyle;rounded=0;orthogonalLoop=1;jettySize=auto;html=1;" edge="1" source="la9blibguUXZ9wRY9QYC-53" parent="1">
          <mxGeometry relative="1" as="geometry">
            <mxPoint x="920" y="1840.0000000000002" as="targetPoint" />
          </mxGeometry>
        </mxCell>
        <mxCell id="la9blibguUXZ9wRY9QYC-53" value="Case Leaving:&lt;br&gt;" style="text;html=1;align=center;verticalAlign=middle;resizable=0;points=[];autosize=1;strokeColor=none;fillColor=none;" vertex="1" parent="1">
          <mxGeometry x="875" y="1760" width="90" height="20" as="geometry" />
        </mxCell>
        <mxCell id="la9blibguUXZ9wRY9QYC-54" style="edgeStyle=orthogonalEdgeStyle;rounded=0;orthogonalLoop=1;jettySize=auto;html=1;" edge="1" source="la9blibguUXZ9wRY9QYC-55" parent="1">
          <mxGeometry relative="1" as="geometry">
            <mxPoint x="1040" y="1920.6268521012933" as="targetPoint" />
          </mxGeometry>
        </mxCell>
        <mxCell id="la9blibguUXZ9wRY9QYC-55" value="Case Suppress:" style="text;html=1;align=center;verticalAlign=middle;resizable=0;points=[];autosize=1;strokeColor=none;fillColor=none;" vertex="1" parent="1">
          <mxGeometry x="870" y="1840" width="100" height="20" as="geometry" />
        </mxCell>
        <mxCell id="la9blibguUXZ9wRY9QYC-56" value="SuppressWriteAndClearWriteEventCount" style="text;html=1;align=center;verticalAlign=middle;resizable=0;points=[];autosize=1;strokeColor=none;fillColor=none;" vertex="1" parent="1">
          <mxGeometry x="925" y="1920" width="230" height="20" as="geometry" />
        </mxCell>
        <mxCell id="la9blibguUXZ9wRY9QYC-60" value="Timed_Call" style="text;html=1;align=center;verticalAlign=middle;resizable=0;points=[];autosize=1;strokeColor=none;fillColor=none;" vertex="1" parent="1">
          <mxGeometry x="395" y="2160" width="80" height="20" as="geometry" />
        </mxCell>
      </root>
    </mxGraphModel>
  </diagram>
</mxfile>
